  ConsoleApplication1.cpp
C:\Users\erdem\OneDrive\Belgeler\GitHub_Projects\LibraryApp\ConsoleApplication1\ConsoleApplication1\Helper.h(23,23): warning C4244: 'başlatılıyor': '__int64' - 'int' dönüşümü; veri kaybı olabilir
C:\Users\erdem\OneDrive\Belgeler\GitHub_Projects\LibraryApp\ConsoleApplication1\ConsoleApplication1\ConsoleApplication1.cpp(63,1): error C2059: sözdizimi hatası: '}'
C:\Users\erdem\OneDrive\Belgeler\GitHub_Projects\LibraryApp\ConsoleApplication1\ConsoleApplication1\ConsoleApplication1.cpp(12): fatal  error C1075: '{': eşleşen hiçbir belirteç bulunamadı
  Helper.cpp
C:\Users\erdem\OneDrive\Belgeler\GitHub_Projects\LibraryApp\ConsoleApplication1\ConsoleApplication1\Helper.h(17,31): error C2065: 'Book': bildirimi yapılmamış tanımlayıcı
C:\Users\erdem\OneDrive\Belgeler\GitHub_Projects\LibraryApp\ConsoleApplication1\ConsoleApplication1\Helper.h(17,24): error C2923: 'std::vector': 'Book' geçerli bir şablon tür bağımsız değişkeni değil ('_Ty' parametresi için)
C:\Users\erdem\OneDrive\Belgeler\GitHub_Projects\LibraryApp\ConsoleApplication1\ConsoleApplication1\Helper.h(17,31): message : 'Book' bildirimine bakın
C:\Users\erdem\OneDrive\Belgeler\GitHub_Projects\LibraryApp\ConsoleApplication1\ConsoleApplication1\Helper.h(17,24): error C2976: 'std::vector': çok az sayıda şablon bağımsız değişkeni var
C:\Program Files\Microsoft Visual Studio\2022\Community\VC\Tools\MSVC\14.35.32215\include\vector(494,1): message : 'std::vector' bildirimine bakın
C:\Users\erdem\OneDrive\Belgeler\GitHub_Projects\LibraryApp\ConsoleApplication1\ConsoleApplication1\Helper.h(17,40): error C2061: sözdizimi hatası: tanımlayıcı 'Book'
C:\Users\erdem\OneDrive\Belgeler\GitHub_Projects\LibraryApp\ConsoleApplication1\ConsoleApplication1\Helper.h(19,25): error C2663: 'std::vector<_Ty,_Alloc>::begin': hiçbir aşırı yüklenmiş işlevin 'this' işaretçisi için geçerli dönüşümü yok
C:\Program Files\Microsoft Visual Studio\2022\Community\VC\Tools\MSVC\14.35.32215\include\vector(1862,44): message : 'std::_Vector_const_iterator<std::_Vector_val<conditional<std::_Is_simple_alloc_v<allocator_traits<_Alloc>::rebind_alloc<_Ty>>,std::_Simple_types<_Value_type>,std::_Vec_iter_types<_Ty,allocator_traits<allocator_traits<_Alloc>::rebind_alloc<_Ty>>::size_type,allocator_traits<allocator_traits<_Alloc>::rebind_alloc<_Ty>>::difference_type,allocator_traits<allocator_traits<_Alloc>::rebind_alloc<_Ty>>::pointer,allocator_traits<allocator_traits<_Alloc>::rebind_alloc<_Ty>>::const_pointer,_Ty&,const _Ty&>>::type>> std::vector<_Ty,_Alloc>::begin(void) noexcept const' olabilirdi
C:\Users\erdem\OneDrive\Belgeler\GitHub_Projects\LibraryApp\ConsoleApplication1\ConsoleApplication1\Helper.h(19,25): message : 'std::_Vector_const_iterator<std::_Vector_val<conditional<std::_Is_simple_alloc_v<allocator_traits<_Alloc>::rebind_alloc<_Ty>>,std::_Simple_types<_Value_type>,std::_Vec_iter_types<_Ty,allocator_traits<allocator_traits<_Alloc>::rebind_alloc<_Ty>>::size_type,allocator_traits<allocator_traits<_Alloc>::rebind_alloc<_Ty>>::difference_type,allocator_traits<allocator_traits<_Alloc>::rebind_alloc<_Ty>>::pointer,allocator_traits<allocator_traits<_Alloc>::rebind_alloc<_Ty>>::const_pointer,_Ty&,const _Ty&>>::type>> std::vector<_Ty,_Alloc>::begin(void) noexcept const': 'this' işaretçisi 'std::vector' iken 'const std::vector<_Ty,_Alloc> &' olarak dönüştürülemiyor
C:\Users\erdem\OneDrive\Belgeler\GitHub_Projects\LibraryApp\ConsoleApplication1\ConsoleApplication1\Helper.h(19,24): message : Nedeni: 'std::vector' değerinden 'const std::vector<_Ty,_Alloc>' değerine dönüştürülemez
C:\Users\erdem\OneDrive\Belgeler\GitHub_Projects\LibraryApp\ConsoleApplication1\ConsoleApplication1\Helper.h(19,24): message : Dönüştürme ikinci bir kullanıcı tanımlı dönüştürme işleci veya oluşturucu gerektiriyor
C:\Program Files\Microsoft Visual Studio\2022\Community\VC\Tools\MSVC\14.35.32215\include\vector(1857,38): message : veya       'std::_Vector_iterator<std::_Vector_val<conditional<std::_Is_simple_alloc_v<allocator_traits<_Alloc>::rebind_alloc<_Ty>>,std::_Simple_types<_Value_type>,std::_Vec_iter_types<_Ty,allocator_traits<allocator_traits<_Alloc>::rebind_alloc<_Ty>>::size_type,allocator_traits<allocator_traits<_Alloc>::rebind_alloc<_Ty>>::difference_type,allocator_traits<allocator_traits<_Alloc>::rebind_alloc<_Ty>>::pointer,allocator_traits<allocator_traits<_Alloc>::rebind_alloc<_Ty>>::const_pointer,_Ty&,const _Ty&>>::type>> std::vector<_Ty,_Alloc>::begin(void) noexcept'
C:\Users\erdem\OneDrive\Belgeler\GitHub_Projects\LibraryApp\ConsoleApplication1\ConsoleApplication1\Helper.h(19,25): message : 'std::_Vector_iterator<std::_Vector_val<conditional<std::_Is_simple_alloc_v<allocator_traits<_Alloc>::rebind_alloc<_Ty>>,std::_Simple_types<_Value_type>,std::_Vec_iter_types<_Ty,allocator_traits<allocator_traits<_Alloc>::rebind_alloc<_Ty>>::size_type,allocator_traits<allocator_traits<_Alloc>::rebind_alloc<_Ty>>::difference_type,allocator_traits<allocator_traits<_Alloc>::rebind_alloc<_Ty>>::pointer,allocator_traits<allocator_traits<_Alloc>::rebind_alloc<_Ty>>::const_pointer,_Ty&,const _Ty&>>::type>> std::vector<_Ty,_Alloc>::begin(void) noexcept': 'this' işaretçisi 'std::vector' iken 'std::vector<_Ty,_Alloc> &' olarak dönüştürülemiyor
C:\Users\erdem\OneDrive\Belgeler\GitHub_Projects\LibraryApp\ConsoleApplication1\ConsoleApplication1\Helper.h(19,24): message : Nedeni: 'std::vector' değerinden 'std::vector<_Ty,_Alloc>' değerine dönüştürülemez
C:\Users\erdem\OneDrive\Belgeler\GitHub_Projects\LibraryApp\ConsoleApplication1\ConsoleApplication1\Helper.h(19,24): message : Dönüştürme ikinci bir kullanıcı tanımlı dönüştürme işleci veya oluşturucu gerektiriyor
C:\Users\erdem\OneDrive\Belgeler\GitHub_Projects\LibraryApp\ConsoleApplication1\ConsoleApplication1\Helper.h(19,25): message : '()' bağımsız değişken listesi eşlenmeye çalışılırken
C:\Users\erdem\OneDrive\Belgeler\GitHub_Projects\LibraryApp\ConsoleApplication1\ConsoleApplication1\Helper.h(19,36): error C2663: 'std::vector<_Ty,_Alloc>::end': hiçbir aşırı yüklenmiş işlevin 'this' işaretçisi için geçerli dönüşümü yok
C:\Program Files\Microsoft Visual Studio\2022\Community\VC\Tools\MSVC\14.35.32215\include\vector(1872,44): message : 'std::_Vector_const_iterator<std::_Vector_val<conditional<std::_Is_simple_alloc_v<allocator_traits<_Alloc>::rebind_alloc<_Ty>>,std::_Simple_types<_Value_type>,std::_Vec_iter_types<_Ty,allocator_traits<allocator_traits<_Alloc>::rebind_alloc<_Ty>>::size_type,allocator_traits<allocator_traits<_Alloc>::rebind_alloc<_Ty>>::difference_type,allocator_traits<allocator_traits<_Alloc>::rebind_alloc<_Ty>>::pointer,allocator_traits<allocator_traits<_Alloc>::rebind_alloc<_Ty>>::const_pointer,_Ty&,const _Ty&>>::type>> std::vector<_Ty,_Alloc>::end(void) noexcept const' olabilirdi
C:\Users\erdem\OneDrive\Belgeler\GitHub_Projects\LibraryApp\ConsoleApplication1\ConsoleApplication1\Helper.h(19,36): message : 'std::_Vector_const_iterator<std::_Vector_val<conditional<std::_Is_simple_alloc_v<allocator_traits<_Alloc>::rebind_alloc<_Ty>>,std::_Simple_types<_Value_type>,std::_Vec_iter_types<_Ty,allocator_traits<allocator_traits<_Alloc>::rebind_alloc<_Ty>>::size_type,allocator_traits<allocator_traits<_Alloc>::rebind_alloc<_Ty>>::difference_type,allocator_traits<allocator_traits<_Alloc>::rebind_alloc<_Ty>>::pointer,allocator_traits<allocator_traits<_Alloc>::rebind_alloc<_Ty>>::const_pointer,_Ty&,const _Ty&>>::type>> std::vector<_Ty,_Alloc>::end(void) noexcept const': 'this' işaretçisi 'std::vector' iken 'const std::vector<_Ty,_Alloc> &' olarak dönüştürülemiyor
C:\Users\erdem\OneDrive\Belgeler\GitHub_Projects\LibraryApp\ConsoleApplication1\ConsoleApplication1\Helper.h(19,35): message : Nedeni: 'std::vector' değerinden 'const std::vector<_Ty,_Alloc>' değerine dönüştürülemez
C:\Users\erdem\OneDrive\Belgeler\GitHub_Projects\LibraryApp\ConsoleApplication1\ConsoleApplication1\Helper.h(19,35): message : Dönüştürme ikinci bir kullanıcı tanımlı dönüştürme işleci veya oluşturucu gerektiriyor
C:\Program Files\Microsoft Visual Studio\2022\Community\VC\Tools\MSVC\14.35.32215\include\vector(1867,38): message : veya       'std::_Vector_iterator<std::_Vector_val<conditional<std::_Is_simple_alloc_v<allocator_traits<_Alloc>::rebind_alloc<_Ty>>,std::_Simple_types<_Value_type>,std::_Vec_iter_types<_Ty,allocator_traits<allocator_traits<_Alloc>::rebind_alloc<_Ty>>::size_type,allocator_traits<allocator_traits<_Alloc>::rebind_alloc<_Ty>>::difference_type,allocator_traits<allocator_traits<_Alloc>::rebind_alloc<_Ty>>::pointer,allocator_traits<allocator_traits<_Alloc>::rebind_alloc<_Ty>>::const_pointer,_Ty&,const _Ty&>>::type>> std::vector<_Ty,_Alloc>::end(void) noexcept'
C:\Users\erdem\OneDrive\Belgeler\GitHub_Projects\LibraryApp\ConsoleApplication1\ConsoleApplication1\Helper.h(19,36): message : 'std::_Vector_iterator<std::_Vector_val<conditional<std::_Is_simple_alloc_v<allocator_traits<_Alloc>::rebind_alloc<_Ty>>,std::_Simple_types<_Value_type>,std::_Vec_iter_types<_Ty,allocator_traits<allocator_traits<_Alloc>::rebind_alloc<_Ty>>::size_type,allocator_traits<allocator_traits<_Alloc>::rebind_alloc<_Ty>>::difference_type,allocator_traits<allocator_traits<_Alloc>::rebind_alloc<_Ty>>::pointer,allocator_traits<allocator_traits<_Alloc>::rebind_alloc<_Ty>>::const_pointer,_Ty&,const _Ty&>>::type>> std::vector<_Ty,_Alloc>::end(void) noexcept': 'this' işaretçisi 'std::vector' iken 'std::vector<_Ty,_Alloc> &' olarak dönüştürülemiyor
C:\Users\erdem\OneDrive\Belgeler\GitHub_Projects\LibraryApp\ConsoleApplication1\ConsoleApplication1\Helper.h(19,35): message : Nedeni: 'std::vector' değerinden 'std::vector<_Ty,_Alloc>' değerine dönüştürülemez
C:\Users\erdem\OneDrive\Belgeler\GitHub_Projects\LibraryApp\ConsoleApplication1\ConsoleApplication1\Helper.h(19,35): message : Dönüştürme ikinci bir kullanıcı tanımlı dönüştürme işleci veya oluşturucu gerektiriyor
C:\Users\erdem\OneDrive\Belgeler\GitHub_Projects\LibraryApp\ConsoleApplication1\ConsoleApplication1\Helper.h(19,36): message : '()' bağımsız değişken listesi eşlenmeye çalışılırken
C:\Users\erdem\OneDrive\Belgeler\GitHub_Projects\LibraryApp\ConsoleApplication1\ConsoleApplication1\Helper.h(19,44): error C2065: 'book': bildirimi yapılmamış tanımlayıcı
C:\Users\erdem\OneDrive\Belgeler\GitHub_Projects\LibraryApp\ConsoleApplication1\ConsoleApplication1\Helper.h(19,19): error C2672: 'std::find': eşleşen aşırı yüklenmiş işlev bulunamadı
C:\Program Files\Microsoft Visual Studio\2022\Community\VC\Tools\MSVC\14.35.32215\include\xutility(5527,31): message : '_InIt std::find(_InIt,const _InIt,const _Ty &)' olabilirdi
C:\Users\erdem\OneDrive\Belgeler\GitHub_Projects\LibraryApp\ConsoleApplication1\ConsoleApplication1\Helper.h(19,19): message : '_InIt std::find(_InIt,const _InIt,const _Ty &)': 3 bağımsız değişken bekleniyor - 2 sağlandı
C:\Users\erdem\OneDrive\Belgeler\GitHub_Projects\LibraryApp\ConsoleApplication1\ConsoleApplication1\Helper.h(21): error C3536: 'it': başlatılmadan önce kullanılamaz
C:\Users\erdem\OneDrive\Belgeler\GitHub_Projects\LibraryApp\ConsoleApplication1\ConsoleApplication1\Helper.h(21,20): error C2663: 'std::vector<_Ty,_Alloc>::end': hiçbir aşırı yüklenmiş işlevin 'this' işaretçisi için geçerli dönüşümü yok
C:\Program Files\Microsoft Visual Studio\2022\Community\VC\Tools\MSVC\14.35.32215\include\vector(1872,44): message : 'std::_Vector_const_iterator<std::_Vector_val<conditional<std::_Is_simple_alloc_v<allocator_traits<_Alloc>::rebind_alloc<_Ty>>,std::_Simple_types<_Value_type>,std::_Vec_iter_types<_Ty,allocator_traits<allocator_traits<_Alloc>::rebind_alloc<_Ty>>::size_type,allocator_traits<allocator_traits<_Alloc>::rebind_alloc<_Ty>>::difference_type,allocator_traits<allocator_traits<_Alloc>::rebind_alloc<_Ty>>::pointer,allocator_traits<allocator_traits<_Alloc>::rebind_alloc<_Ty>>::const_pointer,_Ty&,const _Ty&>>::type>> std::vector<_Ty,_Alloc>::end(void) noexcept const' olabilirdi
C:\Users\erdem\OneDrive\Belgeler\GitHub_Projects\LibraryApp\ConsoleApplication1\ConsoleApplication1\Helper.h(21,20): message : 'std::_Vector_const_iterator<std::_Vector_val<conditional<std::_Is_simple_alloc_v<allocator_traits<_Alloc>::rebind_alloc<_Ty>>,std::_Simple_types<_Value_type>,std::_Vec_iter_types<_Ty,allocator_traits<allocator_traits<_Alloc>::rebind_alloc<_Ty>>::size_type,allocator_traits<allocator_traits<_Alloc>::rebind_alloc<_Ty>>::difference_type,allocator_traits<allocator_traits<_Alloc>::rebind_alloc<_Ty>>::pointer,allocator_traits<allocator_traits<_Alloc>::rebind_alloc<_Ty>>::const_pointer,_Ty&,const _Ty&>>::type>> std::vector<_Ty,_Alloc>::end(void) noexcept const': 'this' işaretçisi 'std::vector' iken 'const std::vector<_Ty,_Alloc> &' olarak dönüştürülemiyor
C:\Users\erdem\OneDrive\Belgeler\GitHub_Projects\LibraryApp\ConsoleApplication1\ConsoleApplication1\Helper.h(21,19): message : Nedeni: 'std::vector' değerinden 'const std::vector<_Ty,_Alloc>' değerine dönüştürülemez
C:\Users\erdem\OneDrive\Belgeler\GitHub_Projects\LibraryApp\ConsoleApplication1\ConsoleApplication1\Helper.h(21,19): message : Dönüştürme ikinci bir kullanıcı tanımlı dönüştürme işleci veya oluşturucu gerektiriyor
C:\Program Files\Microsoft Visual Studio\2022\Community\VC\Tools\MSVC\14.35.32215\include\vector(1867,38): message : veya       'std::_Vector_iterator<std::_Vector_val<conditional<std::_Is_simple_alloc_v<allocator_traits<_Alloc>::rebind_alloc<_Ty>>,std::_Simple_types<_Value_type>,std::_Vec_iter_types<_Ty,allocator_traits<allocator_traits<_Alloc>::rebind_alloc<_Ty>>::size_type,allocator_traits<allocator_traits<_Alloc>::rebind_alloc<_Ty>>::difference_type,allocator_traits<allocator_traits<_Alloc>::rebind_alloc<_Ty>>::pointer,allocator_traits<allocator_traits<_Alloc>::rebind_alloc<_Ty>>::const_pointer,_Ty&,const _Ty&>>::type>> std::vector<_Ty,_Alloc>::end(void) noexcept'
C:\Users\erdem\OneDrive\Belgeler\GitHub_Projects\LibraryApp\ConsoleApplication1\ConsoleApplication1\Helper.h(21,20): message : 'std::_Vector_iterator<std::_Vector_val<conditional<std::_Is_simple_alloc_v<allocator_traits<_Alloc>::rebind_alloc<_Ty>>,std::_Simple_types<_Value_type>,std::_Vec_iter_types<_Ty,allocator_traits<allocator_traits<_Alloc>::rebind_alloc<_Ty>>::size_type,allocator_traits<allocator_traits<_Alloc>::rebind_alloc<_Ty>>::difference_type,allocator_traits<allocator_traits<_Alloc>::rebind_alloc<_Ty>>::pointer,allocator_traits<allocator_traits<_Alloc>::rebind_alloc<_Ty>>::const_pointer,_Ty&,const _Ty&>>::type>> std::vector<_Ty,_Alloc>::end(void) noexcept': 'this' işaretçisi 'std::vector' iken 'std::vector<_Ty,_Alloc> &' olarak dönüştürülemiyor
C:\Users\erdem\OneDrive\Belgeler\GitHub_Projects\LibraryApp\ConsoleApplication1\ConsoleApplication1\Helper.h(21,19): message : Nedeni: 'std::vector' değerinden 'std::vector<_Ty,_Alloc>' değerine dönüştürülemez
C:\Users\erdem\OneDrive\Belgeler\GitHub_Projects\LibraryApp\ConsoleApplication1\ConsoleApplication1\Helper.h(21,19): message : Dönüştürme ikinci bir kullanıcı tanımlı dönüştürme işleci veya oluşturucu gerektiriyor
C:\Users\erdem\OneDrive\Belgeler\GitHub_Projects\LibraryApp\ConsoleApplication1\ConsoleApplication1\Helper.h(21,20): message : '()' bağımsız değişken listesi eşlenmeye çalışılırken
C:\Users\erdem\OneDrive\Belgeler\GitHub_Projects\LibraryApp\ConsoleApplication1\ConsoleApplication1\Helper.h(23,31): error C2663: 'std::vector<_Ty,_Alloc>::begin': hiçbir aşırı yüklenmiş işlevin 'this' işaretçisi için geçerli dönüşümü yok
C:\Program Files\Microsoft Visual Studio\2022\Community\VC\Tools\MSVC\14.35.32215\include\vector(1862,44): message : 'std::_Vector_const_iterator<std::_Vector_val<conditional<std::_Is_simple_alloc_v<allocator_traits<_Alloc>::rebind_alloc<_Ty>>,std::_Simple_types<_Value_type>,std::_Vec_iter_types<_Ty,allocator_traits<allocator_traits<_Alloc>::rebind_alloc<_Ty>>::size_type,allocator_traits<allocator_traits<_Alloc>::rebind_alloc<_Ty>>::difference_type,allocator_traits<allocator_traits<_Alloc>::rebind_alloc<_Ty>>::pointer,allocator_traits<allocator_traits<_Alloc>::rebind_alloc<_Ty>>::const_pointer,_Ty&,const _Ty&>>::type>> std::vector<_Ty,_Alloc>::begin(void) noexcept const' olabilirdi
C:\Users\erdem\OneDrive\Belgeler\GitHub_Projects\LibraryApp\ConsoleApplication1\ConsoleApplication1\Helper.h(23,31): message : 'std::_Vector_const_iterator<std::_Vector_val<conditional<std::_Is_simple_alloc_v<allocator_traits<_Alloc>::rebind_alloc<_Ty>>,std::_Simple_types<_Value_type>,std::_Vec_iter_types<_Ty,allocator_traits<allocator_traits<_Alloc>::rebind_alloc<_Ty>>::size_type,allocator_traits<allocator_traits<_Alloc>::rebind_alloc<_Ty>>::difference_type,allocator_traits<allocator_traits<_Alloc>::rebind_alloc<_Ty>>::pointer,allocator_traits<allocator_traits<_Alloc>::rebind_alloc<_Ty>>::const_pointer,_Ty&,const _Ty&>>::type>> std::vector<_Ty,_Alloc>::begin(void) noexcept const': 'this' işaretçisi 'std::vector' iken 'const std::vector<_Ty,_Alloc> &' olarak dönüştürülemiyor
C:\Users\erdem\OneDrive\Belgeler\GitHub_Projects\LibraryApp\ConsoleApplication1\ConsoleApplication1\Helper.h(23,30): message : Nedeni: 'std::vector' değerinden 'const std::vector<_Ty,_Alloc>' değerine dönüştürülemez
C:\Users\erdem\OneDrive\Belgeler\GitHub_Projects\LibraryApp\ConsoleApplication1\ConsoleApplication1\Helper.h(23,30): message : Dönüştürme ikinci bir kullanıcı tanımlı dönüştürme işleci veya oluşturucu gerektiriyor
C:\Program Files\Microsoft Visual Studio\2022\Community\VC\Tools\MSVC\14.35.32215\include\vector(1857,38): message : veya       'std::_Vector_iterator<std::_Vector_val<conditional<std::_Is_simple_alloc_v<allocator_traits<_Alloc>::rebind_alloc<_Ty>>,std::_Simple_types<_Value_type>,std::_Vec_iter_types<_Ty,allocator_traits<allocator_traits<_Alloc>::rebind_alloc<_Ty>>::size_type,allocator_traits<allocator_traits<_Alloc>::rebind_alloc<_Ty>>::difference_type,allocator_traits<allocator_traits<_Alloc>::rebind_alloc<_Ty>>::pointer,allocator_traits<allocator_traits<_Alloc>::rebind_alloc<_Ty>>::const_pointer,_Ty&,const _Ty&>>::type>> std::vector<_Ty,_Alloc>::begin(void) noexcept'
C:\Users\erdem\OneDrive\Belgeler\GitHub_Projects\LibraryApp\ConsoleApplication1\ConsoleApplication1\Helper.h(23,31): message : 'std::_Vector_iterator<std::_Vector_val<conditional<std::_Is_simple_alloc_v<allocator_traits<_Alloc>::rebind_alloc<_Ty>>,std::_Simple_types<_Value_type>,std::_Vec_iter_types<_Ty,allocator_traits<allocator_traits<_Alloc>::rebind_alloc<_Ty>>::size_type,allocator_traits<allocator_traits<_Alloc>::rebind_alloc<_Ty>>::difference_type,allocator_traits<allocator_traits<_Alloc>::rebind_alloc<_Ty>>::pointer,allocator_traits<allocator_traits<_Alloc>::rebind_alloc<_Ty>>::const_pointer,_Ty&,const _Ty&>>::type>> std::vector<_Ty,_Alloc>::begin(void) noexcept': 'this' işaretçisi 'std::vector' iken 'std::vector<_Ty,_Alloc> &' olarak dönüştürülemiyor
C:\Users\erdem\OneDrive\Belgeler\GitHub_Projects\LibraryApp\ConsoleApplication1\ConsoleApplication1\Helper.h(23,30): message : Nedeni: 'std::vector' değerinden 'std::vector<_Ty,_Alloc>' değerine dönüştürülemez
C:\Users\erdem\OneDrive\Belgeler\GitHub_Projects\LibraryApp\ConsoleApplication1\ConsoleApplication1\Helper.h(23,30): message : Dönüştürme ikinci bir kullanıcı tanımlı dönüştürme işleci veya oluşturucu gerektiriyor
C:\Users\erdem\OneDrive\Belgeler\GitHub_Projects\LibraryApp\ConsoleApplication1\ConsoleApplication1\Helper.h(23,31): message : '()' bağımsız değişken listesi eşlenmeye çalışılırken
  ViewModel.cpp
C:\Users\erdem\OneDrive\Belgeler\GitHub_Projects\LibraryApp\ConsoleApplication1\ConsoleApplication1\Helper.h(23,23): warning C4244: 'başlatılıyor': '__int64' - 'int' dönüşümü; veri kaybı olabilir
C:\Program Files\Microsoft Visual Studio\2022\Community\VC\Tools\MSVC\14.35.32215\include\xutility(5518,21): error C2676: ikili '==': 'Book', bu işleci veya önceden tanımlanmış işleç için kabul edilebilir bir türe dönüştürmeyi tanımlamıyor
C:\Program Files\Microsoft Visual Studio\2022\Community\VC\Tools\MSVC\14.35.32215\include\xutility(3969,5): message : 'bool std::operator ==(const std::move_iterator<_Iter> &,const std::move_iterator<_Iter2> &) noexcept(<expr>)' olabilirdi
C:\Program Files\Microsoft Visual Studio\2022\Community\VC\Tools\MSVC\14.35.32215\include\xutility(5518,13): message : 'bool std::operator ==(const std::move_iterator<_Iter> &,const std::move_iterator<_Iter2> &) noexcept(<expr>)': şablon bağımsız değişkeni ('const std::move_iterator<_Iter> &' için, 'Book' öğesinden) anlaşılamadı
C:\Program Files\Microsoft Visual Studio\2022\Community\VC\Tools\MSVC\14.35.32215\include\xutility(1441,5): message : veya       'bool std::operator ==(const std::reverse_iterator<_BidIt> &,const std::reverse_iterator<_BidIt2> &) noexcept(<expr>)'
C:\Program Files\Microsoft Visual Studio\2022\Community\VC\Tools\MSVC\14.35.32215\include\xutility(5518,13): message : 'bool std::operator ==(const std::reverse_iterator<_BidIt> &,const std::reverse_iterator<_BidIt2> &) noexcept(<expr>)': şablon bağımsız değişkeni ('const std::reverse_iterator<_BidIt> &' için, 'Book' öğesinden) anlaşılamadı
C:\Program Files\Microsoft Visual Studio\2022\Community\VC\Tools\MSVC\14.35.32215\include\utility(367,27): message : veya       'bool std::operator ==(const std::pair<_Ty1,_Ty2> &,const std::pair<_Ty1,_Ty2> &)'
C:\Program Files\Microsoft Visual Studio\2022\Community\VC\Tools\MSVC\14.35.32215\include\xutility(5518,13): message : 'bool std::operator ==(const std::pair<_Ty1,_Ty2> &,const std::pair<_Ty1,_Ty2> &)': şablon bağımsız değişkeni ('const std::pair<_Ty1,_Ty2> &' için, 'Book' öğesinden) anlaşılamadı
C:\Program Files\Microsoft Visual Studio\2022\Community\VC\Tools\MSVC\14.35.32215\include\xutility(5527): message : derlenen şablon işlevi '_InIt std::_Find_unchecked<Book*,_Ty>(_InIt,const _InIt,const _Ty &)' örneği oluşturma başvurusuna bakın
          with
          [
              _InIt=Book *,
              _Ty=Book
          ]
C:\Users\erdem\OneDrive\Belgeler\GitHub_Projects\LibraryApp\ConsoleApplication1\ConsoleApplication1\Helper.h(19,1): message : derlenen şablon işlevi '_InIt std::find<std::_Vector_iterator<std::_Vector_val<std::_Simple_types<_Ty>>>,Book>(_InIt,const _InIt,const _Ty &)' örneği oluşturma başvurusuna bakın
          with
          [
              _InIt=std::_Vector_iterator<std::_Vector_val<std::_Simple_types<Book>>>,
              _Ty=Book
          ]
  Kod Üretiliyor...
